appTest/build/outputs/mapping/debug/seeds.txt
com.umeng.soexample.App
com.umeng.soexample.App: App()
com.umeng.soexample.AuthActivity
com.umeng.soexample.AuthActivity: AuthActivity()
com.umeng.soexample.AuthActivity$2: void onCancel(com.umeng.socialize.bean.SHARE_MEDIA,int)
com.umeng.soexample.CheckActivity
com.umeng.soexample.CheckActivity: CheckActivity()
com.umeng.soexample.GetInfoActivity
com.umeng.soexample.GetInfoActivity: GetInfoActivity()
com.umeng.soexample.HomeActivity
com.umeng.soexample.HomeActivity: HomeActivity()
com.umeng.soexample.InfoDetailActivity
com.umeng.soexample.InfoDetailActivity: InfoDetailActivity()
com.umeng.soexample.InfoDetailActivity$5: void onCancel(com.umeng.socialize.bean.SHARE_MEDIA,int)
com.umeng.soexample.ShareActivity
com.umeng.soexample.ShareActivity: ShareActivity()
com.umeng.soexample.ShareDetailActivity
com.umeng.soexample.ShareDetailActivity: ShareDetailActivity()
com.umeng.soexample.ShareDetailActivity$3: void onCancel(com.umeng.socialize.bean.SHARE_MEDIA)
com.umeng.soexample.ShareMenuActivity
com.umeng.soexample.ShareMenuActivity: ShareMenuActivity()
com.umeng.soexample.ShareMenuActivity$CustomShareListener: void onCancel(com.umeng.socialize.bean.SHARE_MEDIA)
com.umeng.soexample.apshare.ShareEntryActivity
com.umeng.soexample.apshare.ShareEntryActivity: ShareEntryActivity()
com.umeng.soexample.ddshare.DDShareActivity
com.umeng.soexample.ddshare.DDShareActivity: DDShareActivity()
com.umeng.soexample.model.AuthAdapter$2: void onCancel(com.umeng.socialize.bean.SHARE_MEDIA,int)
com.umeng.soexample.wxapi.WXEntryActivity
com.umeng.soexample.wxapi.WXEntryActivity: WXEntryActivity()
com.umeng.soexample.yxapi.YXEntryActivity
com.umeng.soexample.yxapi.YXEntryActivity: YXEntryActivity()
...
com.sina.weibo.sdk.api.share.ProvideMessageForWeiboRequest
com.sina.weibo.sdk.api.share.ProvideMessageForWeiboRequest: ProvideMessageForWeiboRequest()
com.sina.weibo.sdk.api.share.ProvideMessageForWeiboRequest: ProvideMessageForWeiboRequest(android.os.Bundle)
com.sina.weibo.sdk.api.share.ProvideMessageForWeiboRequest: int getType()
com.sina.weibo.sdk.api.share.ProvideMessageForWeiboRequest: boolean check(android.content.Context,com.sina.weibo.sdk.WeiboAppManager$WeiboInfo,com.sina.weibo.sdk.api.share.VersionCheckHandler)
com.sina.weibo.sdk.api.share.ProvideMessageForWeiboResponse
com.sina.weibo.sdk.api.share.ProvideMessageForWeiboResponse: com.sina.weibo.sdk.api.WeiboMessage message
com.sina.weibo.sdk.api.share.ProvideMessageForWeiboResponse: ProvideMessageForWeiboResponse()
com.sina.weibo.sdk.api.share.ProvideMessageForWeiboResponse: ProvideMessageForWeiboResponse(android.os.Bundle)
com.sina.weibo.sdk.api.share.ProvideMessageForWeiboResponse: int getType()
com.sina.weibo.sdk.api.share.ProvideMessageForWeiboResponse: void fromBundle(android.os.Bundle)
com.sina.weibo.sdk.api.share.ProvideMessageForWeiboResponse: void toBundle(android.os.Bundle)
com.sina.weibo.sdk.api.share.ProvideMessageForWeiboResponse: boolean check(android.content.Context,com.sina.weibo.sdk.api.share.VersionCheckHandler)
com.sina.weibo.sdk.api.share.ProvideMultiMessageForWeiboResponse
com.sina.weibo.sdk.api.share.ProvideMultiMessageForWeiboResponse: com.sina.weibo.sdk.api.WeiboMultiMessage multiMessage
com.sina.weibo.sdk.api.share.ProvideMultiMessageForWeiboResponse: ProvideMultiMessageForWeiboResponse()
com.sina.weibo.sdk.api.share.ProvideMultiMessageForWeiboResponse: ProvideMultiMessageForWeiboResponse(android.os.Bundle)
com.sina.weibo.sdk.api.share.ProvideMultiMessageForWeiboResponse: int getType()
com.sina.weibo.sdk.api.share.ProvideMultiMessageForWeiboResponse: void fromBundle(android.os.Bundle)
com.sina.weibo.sdk.api.share.ProvideMultiMessageForWeiboResponse: void toBundle(android.os.Bundle)
com.sina.weibo.sdk.api.share.ProvideMultiMessageForWeiboResponse: boolean check(android.content.Context,com.sina.weibo.sdk.api.share.VersionCheckHandler)
com.sina.weibo.sdk.api.share.SendMessageToWeiboRequest
com.sina.weibo.sdk.api.share.SendMessageToWeiboRequest: com.sina.weibo.sdk.api.WeiboMessage message
com.sina.weibo.sdk.api.share.SendMessageToWeiboRequest: SendMessageToWeiboRequest()
com.sina.weibo.sdk.api.share.SendMessageToWeiboRequest: SendMessageToWeiboRequest(android.os.Bundle)
com.sina.weibo.sdk.api.share.SendMessageToWeiboRequest: int getType()
com.sina.weibo.sdk.api.share.SendMessageToWeiboRequest: void fromBundle(android.os.Bundle)
com.sina.weibo.sdk.api.share.SendMessageToWeiboRequest: void toBundle(android.os.Bundle)
com.sina.weibo.sdk.api.share.SendMessageToWeiboRequest: boolean check(android.content.Context,com.sina.weibo.sdk.WeiboAppManager$WeiboInfo,com.sina.weibo.sdk.api.share.VersionCheckHandler)
com.sina.weibo.sdk.api.share.SendMessageToWeiboResponse
com.sina.weibo.sdk.api.share.SendMessageToWeiboResponse: SendMessageToWeiboResponse()
com.sina.weibo.sdk.api.share.SendMessageToWeiboResponse: SendMessageToWeiboResponse(android.os.Bundle)
com.sina.weibo.sdk.api.share.SendMessageToWeiboResponse: int getType()
com.sina.weibo.sdk.api.share.SendMessageToWeiboResponse: boolean check(android.content.Context,com.sina.weibo.sdk.api.share.VersionCheckHandler)