appTest/build/outputs/mapping/debug/mapping.txt
com.umeng.soexample.App -> com.umeng.soexample.App:
    12:43:void <init>() -> <init>
    16:20:void onCreate() -> onCreate
com.umeng.soexample.AuthActivity -> com.umeng.soexample.AuthActivity:
    android.widget.ListView listView -> b
    com.umeng.soexample.model.AuthAdapter shareAdapter -> c
    java.util.ArrayList platforms -> a
    com.umeng.socialize.bean.SHARE_MEDIA[] list -> d
    27:31:void <init>() -> <init>
    37:78:void onCreate(android.os.Bundle) -> onCreate
    81:87:void initPlatforms() -> a
    91:93:void onActivityResult(int,int,android.content.Intent) -> onActivityResult
    97:99:void onDestroy() -> onDestroy
    103:105:void onSaveInstanceState(android.os.Bundle) -> onSaveInstanceState
    27:27:com.umeng.soexample.model.AuthAdapter access$000(com.umeng.soexample.AuthActivity) -> a
com.umeng.soexample.AuthActivity$1 -> com.umeng.soexample.a:
    com.umeng.soexample.AuthActivity this$0 -> a
    52:52:void <init>(com.umeng.soexample.AuthActivity) -> <init>
    55:56:void onClick(android.view.View) -> onClick
com.umeng.soexample.AuthActivity$2 -> com.umeng.soexample.b:
    com.umeng.soexample.AuthActivity this$0 -> a
    59:59:void <init>(com.umeng.soexample.AuthActivity) -> <init>
    62:64:void onComplete(com.umeng.socialize.bean.SHARE_MEDIA,int,java.util.Map) -> onComplete
    68:70:void onError(com.umeng.socialize.bean.SHARE_MEDIA,int,java.lang.Throwable) -> onError
    74:76:void onCancel(com.umeng.socialize.bean.SHARE_MEDIA,int) -> onCancel
com.umeng.soexample.BuildConfig -> com.umeng.soexample.c:
    boolean DEBUG -> a
    java.lang.String APPLICATION_ID -> b
    java.lang.String BUILD_TYPE -> c
    java.lang.String FLAVOR -> d
    int VERSION_CODE -> e
    java.lang.String VERSION_NAME -> f
    6:6:void <init>() -> <init>
    7:7:void <clinit>() -> <clinit>
com.umeng.soexample.CheckActivity -> com.umeng.soexample.CheckActivity:
    android.widget.LinearLayout list -> a
    int checkstyle -> b
    android.widget.EditText ed -> c
    16:18:void <init>() -> <init>
    22:128:void onCreate(android.os.Bundle) -> onCreate
    16:16:android.widget.LinearLayout access$000(com.umeng.soexample.CheckActivity) -> a
    16:16:int access$100(com.umeng.soexample.CheckActivity) -> b
    16:16:int access$102(com.umeng.soexample.CheckActivity,int) -> a
    16:16:android.widget.EditText access$200(com.umeng.soexample.CheckActivity) -> c
com.umeng.soexample.CheckActivity$1 -> com.umeng.soexample.d:
    com.umeng.soexample.CheckActivity this$0 -> a
    33:33:void <init>(com.umeng.soexample.CheckActivity) -> <init>
    36:37:void onClick(android.view.View) -> onClick
com.umeng.soexample.CheckActivity$10 -> com.umeng.soexample.e:
    com.umeng.soexample.CheckActivity this$0 -> a
    119:119:void <init>(com.umeng.soexample.CheckActivity) -> <init>
    122:125:void onClick(android.view.View) -> onClick
com.umeng.soexample.CheckActivity$2 -> com.umeng.soexample.f:
    com.umeng.soexample.CheckActivity this$0 -> a
    40:40:void <init>(com.umeng.soexample.CheckActivity) -> <init>
    43:48:void onClick(android.view.View) -> onClick
com.umeng.soexample.CheckActivity$3 -> com.umeng.soexample.g:
    com.umeng.soexample.CheckActivity this$0 -> a
    50:50:void <init>(com.umeng.soexample.CheckActivity) -> <init>
    53:69:void onClick(android.view.View) -> onClick
com.umeng.soexample.CheckActivity$4 -> com.umeng.soexample.h:
    com.umeng.soexample.CheckActivity this$0 -> a
    71:71:void <init>(com.umeng.soexample.CheckActivity) -> <init>
    74:77:void onClick(android.view.View) -> onClick
com.umeng.soexample.CheckActivity$5 -> com.umeng.soexample.i:
    com.umeng.soexample.CheckActivity this$0 -> a
    79:79:void <init>(com.umeng.soexample.CheckActivity) -> <init>
    82:85:void onClick(android.view.View) -> onClick
...
com.kakao.kakaostory.request.CheckStoryUserRequest -> com.kakao.kakaostory.request.CheckStoryUserRequest:
    24:24:void <init>() -> <init>
    27:27:java.lang.String getMethod() -> getMethod
    32:32:java.lang.String getUrl() -> getUrl
com.kakao.kakaostory.request.DeleteMyStoryRequest -> com.kakao.kakaostory.request.DeleteMyStoryRequest:
    java.lang.String id -> id
    29:31:void <init>(java.lang.String) -> <init>
    34:34:java.lang.String getMethod() -> getMethod
    39:42:java.lang.String getUrl() -> getUrl
com.kakao.kakaostory.request.GetMyStoryListRequest -> com.kakao.kakaostory.request.GetMyStoryListRequest:
    java.lang.String lastId -> lastId
    29:31:void <init>(java.lang.String) -> <init>
    35:35:java.lang.String getMethod() -> getMethod
    40:43:java.lang.String getUrl() -> getUrl
com.kakao.kakaostory.request.GetMyStoryRequest -> com.kakao.kakaostory.request.GetMyStoryRequest:
    java.lang.String id -> id
    27:29:void <init>(java.lang.String) -> <init>
    33:33:java.lang.String getMethod() -> getMethod
    38:41:java.lang.String getUrl() -> getUrl
com.kakao.kakaostory.request.LinkInfoRequest -> com.kakao.kakaostory.request.LinkInfoRequest:
    java.lang.String url -> url
    28:30:void <init>(java.lang.String) -> <init>
    33:33:java.lang.String getMethod() -> getMethod
    38:41:java.lang.String getUrl() -> getUrl
com.kakao.kakaostory.request.MultiUploadRequest -> com.kakao.kakaostory.request.MultiUploadRequest:
    java.util.List partList -> partList
    36:44:void <init>(java.util.List) -> <init>
    48:48:java.lang.String getMethod() -> getMethod
    53:53:java.lang.String getUrl() -> getUrl
    58:58:java.util.Map getParams() -> getParams
    63:63:java.util.List getMultiPartList() -> getMultiPartList
com.kakao.kakaostory.request.PostLinkRequest -> com.kakao.kakaostory.request.PostLinkRequest:
    java.lang.String linkInfoString -> linkInfoString
    39:45:void <init>(java.lang.String,java.lang.String,com.kakao.kakaostory.request.PostRequest$StoryPermission,boolean,java.lang.String,java.lang.String,java.lang.String,java.lang.String) -> <init>
    49:49:java.lang.String getUrl() -> getUrl
    54:56:java.util.Map getParams() -> getParams
com.kakao.kakaostory.request.PostNoteRequest -> com.kakao.kakaostory.request.PostNoteRequest:
    35:36:void <init>(java.lang.String,com.kakao.kakaostory.request.PostRequest$StoryPermission,boolean,java.lang.String,java.lang.String,java.lang.String,java.lang.String) -> <init>
    40:40:java.lang.String getUrl() -> getUrl
com.kakao.kakaostory.request.PostPhotoRequest -> com.kakao.kakaostory.request.PostPhotoRequest:
    java.util.List imageUrlList -> imageUrlList
    42:48:void <init>(java.util.List,java.lang.String,com.kakao.kakaostory.request.PostRequest$StoryPermission,boolean,java.lang.String,java.lang.String,java.lang.String,java.lang.String) -> <init>
    52:52:java.lang.String getUrl() -> getUrl
    57:59:java.util.Map getParams() -> getParams
com.kakao.kakaostory.request.PostRequest -> com.kakao.kakaostory.request.PostRequest:
    java.lang.String content -> content
    com.kakao.kakaostory.request.PostRequest$StoryPermission permission -> permission
    boolean enableShare -> enableShare
    java.lang.String iosExecParam -> iosExecParam
    java.lang.String androidExecParam -> androidExecParam
    java.lang.String iosMarketParam -> iosMarketParam
    java.lang.String androidMarketParam -> androidMarketParam
    81:93:void <init>(java.lang.String,com.kakao.kakaostory.request.PostRequest$StoryPermission,boolean,java.lang.String,java.lang.String,java.lang.String,java.lang.String) -> <init>
    97:97:java.lang.String getMethod() -> getMethod
    102:122:java.util.Map getParams() -> getParams